.
├── __tests__
│   ├── ActionLogTest.js
│   ├── DeviceTest.js
│   ├── SensorTest.js
│   └── WorkingsetTest.js
├── app.json
├── index.js
├── package-lock.json
├── package.json
├── scripts
│   └── bundle.android.sh
├── src
│   ├── Wrapper
│   │   ├── SideBar.js
│   │   └── index.js
│   ├── boot
│   │   ├── Container
│   │   │   └── index.js
│   │   └── package.json
│   ├── component
│   │   ├── Button
│   │   │   └── index.js
│   │   ├── Graph
│   │   │   └── index.js
│   │   ├── SideBarNav
│   │   │   └── index.js
│   │   └── package.json
│   ├── config
│   │   ├── index.js
│   │   ├── index.test.js
│   │   └── package.json
│   ├── enum
│   │   ├── Locale
│   │   │   └── index.js
│   │   ├── Role
│   │   │   └── index.js
│   │   └── package.json
│   ├── lib
│   │   ├── actionLog
│   │   │   └── index.js
│   │   ├── ajax
│   │   │   └── index.js
│   │   ├── crypt
│   │   │   └── index.js
│   │   ├── db
│   │   │   ├── index.js
│   │   │   ├── sensorData
│   │   │   │   └── index.js
│   │   │   ├── token
│   │   │   │   └── index.js
│   │   │   └── user
│   │   │       └── index.js
│   │   ├── device
│   │   │   └── index.js
│   │   ├── log
│   │   │   └── index.js
│   │   ├── login
│   │   │   └── index.js
│   │   ├── moment
│   │   │   └── index.js
│   │   ├── package.json
│   │   ├── profile
│   │   │   └── index.js
│   │   ├── sensor
│   │   │   └── index.js
│   │   └── workingset
│   │       └── index.js
│   ├── locale
│   │   ├── en.json
│   │   ├── index.js
│   │   ├── package.json
│   │   └── tr.json
│   ├── screen
│   │   ├── ActionLog
│   │   │   ├── Data.js
│   │   │   └── index.js
│   │   ├── CreateCloudRule
│   │   │   └── index.js
│   │   ├── CreateGatewayRule
│   │   │   └── index.js
│   │   ├── Dashboard
│   │   │   └── index.js
│   │   ├── Device
│   │   │   ├── Control
│   │   │   │   ├── Data.js
│   │   │   │   └── index.js
│   │   │   └── Detail
│   │   │       ├── Data.js
│   │   │       └── index.js
│   │   ├── Inventory
│   │   │   ├── Device
│   │   │   │   └── index.js
│   │   │   ├── Node
│   │   │   │   └── index.js
│   │   │   └── Sensor
│   │   │       └── index.js
│   │   ├── Login
│   │   │   └── index.js
│   │   ├── Mode
│   │   │   ├── SendProfile
│   │   │   │   ├── Data.js
│   │   │   │   └── index.js
│   │   │   ├── SensorInventoryConf
│   │   │   │   ├── Import
│   │   │   │   │   └── index.js
│   │   │   │   └── List
│   │   │   │       └── index.js
│   │   │   └── SensorTypeConf
│   │   │       ├── Import
│   │   │       │   └── index.js
│   │   │       └── List
│   │   │           └── index.js
│   │   ├── ModeNodeConf
│   │   │   ├── Import
│   │   │   │   └── index.js
│   │   │   └── List
│   │   │       └── index.js
│   │   ├── NodeSensorConf
│   │   │   ├── Create
│   │   │   │   ├── Data.js
│   │   │   │   └── index.js
│   │   │   ├── DeviceNodeList.js
│   │   │   ├── List
│   │   │   │   └── index.js
│   │   │   └── NodeSensorList.js
│   │   ├── Reports
│   │   │   ├── Daily
│   │   │   │   ├── Data.js
│   │   │   │   └── index.js
│   │   │   ├── DeviceNodeList.js
│   │   │   ├── Monthly
│   │   │   │   ├── Data.js
│   │   │   │   └── index.js
│   │   │   ├── NodeSensorList.js
│   │   │   ├── Weekly
│   │   │   │   ├── Data.js
│   │   │   │   └── index.js
│   │   │   └── Yearly
│   │   │       ├── Data.js
│   │   │       └── index.js
│   │   ├── Role
│   │   │   └── index.js
│   │   ├── SendMessage
│   │   │   ├── Data.js
│   │   │   └── index.js
│   │   ├── SensorDataConf
│   │   │   ├── Create
│   │   │   │   └── index.js
│   │   │   └── List
│   │   │       └── index.js
│   │   ├── SensorType
│   │   │   ├── Create
│   │   │   │   └── index.js
│   │   │   ├── Import
│   │   │   │   └── index.js
│   │   │   └── List
│   │   │       └── index.js
│   │   ├── SignUp
│   │   │   └── index.js
│   │   └── package.json
│   └── util
│       ├── Color
│       │   └── index.js
│       ├── Object
│       │   └── index.js
│       ├── ValidationRule
│       │   └── index.js
│       └── package.json
└── tree.log

76 directories, 93 files
